0 info it worked if it ends with ok
1 verbose cli [ 'node', '/usr/local/bin/npm', 'install', 'instanbul' ]
2 info using npm@1.4.28
3 info using node@v0.10.35
4 warn package.json pig-pong@1.0.0 No README data
5 verbose readDependencies using package.json deps
6 verbose cache add [ 'instanbul', null ]
7 verbose cache add name=undefined spec="instanbul" args=["instanbul",null]
8 verbose parsed url { protocol: null,
8 verbose parsed url   slashes: null,
8 verbose parsed url   auth: null,
8 verbose parsed url   host: null,
8 verbose parsed url   port: null,
8 verbose parsed url   hostname: null,
8 verbose parsed url   hash: null,
8 verbose parsed url   search: null,
8 verbose parsed url   query: null,
8 verbose parsed url   pathname: 'instanbul',
8 verbose parsed url   path: 'instanbul',
8 verbose parsed url   href: 'instanbul' }
9 silly lockFile 6a6b0b6e-instanbul instanbul
10 verbose lock instanbul /Users/Mimmo/.npm/6a6b0b6e-instanbul.lock
11 silly lockFile 6a6b0b6e-instanbul instanbul
12 silly lockFile 6a6b0b6e-instanbul instanbul
13 verbose addNamed [ 'instanbul', '' ]
14 verbose addNamed [ null, '*' ]
15 silly lockFile 87d3a985-instanbul instanbul@
16 verbose lock instanbul@ /Users/Mimmo/.npm/87d3a985-instanbul.lock
17 silly addNameRange { name: 'instanbul', range: '*', hasData: false }
18 verbose request where is /instanbul
19 verbose request registry https://registry.npmjs.org/
20 verbose request id fefe5f29bc480b64
21 verbose url raw /instanbul
22 verbose url resolving [ 'https://registry.npmjs.org/', './instanbul' ]
23 verbose url resolved https://registry.npmjs.org/instanbul
24 verbose request where is https://registry.npmjs.org/instanbul
25 info trying registry request attempt 1 at 18:22:00
26 http GET https://registry.npmjs.org/instanbul
27 http 404 https://registry.npmjs.org/instanbul
28 verbose headers { date: 'Thu, 12 Feb 2015 18:22:00 GMT',
28 verbose headers   server: 'CouchDB/1.5.0 (Erlang OTP/R16B03)',
28 verbose headers   'content-type': 'application/json',
28 verbose headers   'cache-control': 'max-age=0',
28 verbose headers   'content-length': '52',
28 verbose headers   'accept-ranges': 'bytes',
28 verbose headers   via: '1.1 varnish',
28 verbose headers   age: '0',
28 verbose headers   'x-served-by': 'cache-lhr6330-LHR',
28 verbose headers   'x-cache': 'MISS',
28 verbose headers   'x-cache-hits': '0',
28 verbose headers   'x-timer': 'S1423765320.297295,VS0,VE654',
28 verbose headers   'keep-alive': 'timeout=10, max=50',
28 verbose headers   connection: 'Keep-Alive' }
29 silly registry.get cb [ 404,
29 silly registry.get   { date: 'Thu, 12 Feb 2015 18:22:00 GMT',
29 silly registry.get     server: 'CouchDB/1.5.0 (Erlang OTP/R16B03)',
29 silly registry.get     'content-type': 'application/json',
29 silly registry.get     'cache-control': 'max-age=0',
29 silly registry.get     'content-length': '52',
29 silly registry.get     'accept-ranges': 'bytes',
29 silly registry.get     via: '1.1 varnish',
29 silly registry.get     age: '0',
29 silly registry.get     'x-served-by': 'cache-lhr6330-LHR',
29 silly registry.get     'x-cache': 'MISS',
29 silly registry.get     'x-cache-hits': '0',
29 silly registry.get     'x-timer': 'S1423765320.297295,VS0,VE654',
29 silly registry.get     'keep-alive': 'timeout=10, max=50',
29 silly registry.get     connection: 'Keep-Alive' } ]
30 silly lockFile 87d3a985-instanbul instanbul@
31 silly lockFile 87d3a985-instanbul instanbul@
32 error 404 404 Not Found: instanbul
32 error 404
32 error 404 'instanbul' is not in the npm registry.
32 error 404 You should bug the author to publish it
32 error 404 It was specified as a dependency of 'pig-pong'
32 error 404
32 error 404 Note that you can also install from a
32 error 404 tarball, folder, or http url, or git url.
33 error System Darwin 14.1.0
34 error command "node" "/usr/local/bin/npm" "install" "instanbul"
35 error cwd /Users/Mimmo/Projects/pig-pong
36 error node -v v0.10.35
37 error npm -v 1.4.28
38 error code E404
39 verbose exit [ 1, true ]
